Nov 06, 2023 5:07:07 PM EmailAnalyseService analysis
INFO: The number of all messages : 4
All users showed the same activeness
All users showed the same activeness

Nov 06, 2023 5:07:07 PM EmailAnalyseService analysis
INFO: The number of all messages : 4
All users showed the same activeness
All users showed the same activeness
The number of all messages : 4
All users showed the same activeness
All users showed the same activeness

Nov 06, 2023 5:11:05 PM EmailAnalyseService analysis
INFO: The number of all messages : 5
All users showed the same activeness
All users showed the same activeness

Nov 06, 2023 5:11:05 PM EmailAnalyseService analysis
INFO: The number of all messages : 5
All users showed the same activeness
All users showed the same activeness
The number of all messages : 5
All users showed the same activeness
All users showed the same activeness

Nov 06, 2023 5:11:21 PM EmailAnalyseService analysis
INFO: The number of all messages : 5
All users showed the same activeness
All users showed the same activeness

Nov 06, 2023 5:11:21 PM EmailAnalyseService analysis
INFO: The number of all messages : 5
All users showed the same activeness
All users showed the same activeness
The number of all messages : 5
All users showed the same activeness
All users showed the same activeness

Nov 06, 2023 5:11:34 PM EmailAnalyseService analysis
INFO: The number of all messages : 5
All users showed the same activeness
All users showed the same activeness

Nov 06, 2023 5:11:34 PM EmailAnalyseService analysis
INFO: The number of all messages : 5
All users showed the same activeness
All users showed the same activeness
The number of all messages : 5
All users showed the same activeness
All users showed the same activeness

Nov 06, 2023 5:13:12 PM EmailAnalyseService analysis
INFO: The number of all messages : 5
All users showed the same activeness
All users showed the same activeness

Nov 06, 2023 5:13:12 PM EmailAnalyseService analysis
INFO: The number of all messages : 5
All users showed the same activeness
All users showed the same activeness
The number of all messages : 5
All users showed the same activeness
All users showed the same activeness

Nov 06, 2023 5:14:32 PM EmailAnalyseService analysis
INFO: The number of all messages : 6
The most messages send by :16:30:45]
The most messages received by :[marketing_team]

Nov 06, 2023 5:14:32 PM EmailAnalyseService analysis
INFO: The number of all messages : 6
The most messages send by :16:30:45]
The most messages received by :[marketing_team]
The number of all messages : 6
The most messages send by :16:30:45]
The most messages received by :[marketing_team]

Nov 06, 2023 5:21:14 PM EmailAnalyseService analysis
INFO: The number of all messages : 6
The most messages send by :16:30:45]
The most messages received by :[marketing_team]

Nov 06, 2023 5:21:14 PM EmailAnalyseService analysis
INFO: The number of all messages : 6
The most messages send by :16:30:45]
The most messages received by :[marketing_team]
The number of all messages : 6
The most messages send by :16:30:45]
The most messages received by :[marketing_team]

Nov 06, 2023 5:23:56 PM EmailAnalyseService analysis
INFO: The number of all messages : 6
The most messages send by :16:30:45]
The most messages received by :[marketing_team]

Nov 06, 2023 5:23:56 PM EmailAnalyseService analysis
INFO: The number of all messages : 6
The most messages send by :16:30:45]
The most messages received by :[marketing_team]
The number of all messages : 6
The most messages send by :16:30:45]
The most messages received by :[marketing_team]

Nov 06, 2023 5:24:39 PM EmailAnalyseService analysis
INFO: The number of all messages : 6
The most messages send by :[marketing_team]
The most messages received by :[jane@partnership.com]

Nov 06, 2023 5:24:39 PM EmailAnalyseService analysis
INFO: The number of all messages : 6
The most messages send by :[marketing_team]
The most messages received by :[jane@partnership.com]
The number of all messages : 6
The most messages send by :[marketing_team]
The most messages received by :[jane@partnership.com]

Nov 06, 2023 5:28:27 PM EmailAnalyseService analysis
INFO: The number of all messages : 6
The most messages send by :[marketing_team]
The most messages received by :[jane@partnership.com]

Nov 06, 2023 5:28:27 PM EmailAnalyseService analysis
INFO: The number of all messages : 6
The most messages send by :[marketing_team]
The most messages received by :[jane@partnership.com]
The number of all messages : 6
The most messages send by :[marketing_team]
The most messages received by :[jane@partnership.com]

Nov 06, 2023 5:30:44 PM EmailAnalyseService analysis
INFO: The number of all messages : 5
The most messages send by :[marketing_team]
All users showed the same activeness

Nov 06, 2023 5:30:44 PM EmailAnalyseService analysis
INFO: The number of all messages : 5
The most messages send by :[marketing_team]
All users showed the same activeness
The number of all messages : 5
The most messages send by :[marketing_team]
All users showed the same activeness

Nov 06, 2023 5:31:12 PM EmailAnalyseService analysis
INFO: The number of all messages : 5
The most messages send by :[marketing_team]
All users showed the same activeness

Nov 06, 2023 5:31:12 PM EmailAnalyseService analysis
INFO: The number of all messages : 5
The most messages send by :[marketing_team]
All users showed the same activeness
The number of all messages : 5
The most messages send by :[marketing_team]
All users showed the same activeness

Nov 06, 2023 5:37:41 PM EmailAnalyseService analysis
INFO: The number of all messages : 5
The most messages send by :[marketing_team]. They sent 0 messages.
All users showed the same activeness

Nov 06, 2023 5:37:41 PM EmailAnalyseService analysis
INFO: The number of all messages : 5
The most messages send by :[marketing_team]. They sent 0 messages.
All users showed the same activeness
The number of all messages : 5
The most messages send by :[marketing_team]. They sent 0 messages.
All users showed the same activeness

Nov 06, 2023 5:38:52 PM EmailAnalyseService analysis
INFO: The number of all messages : 5
The most messages send by :[marketing_team]. They sent 0 messages.
The most messages received by :[jane@partnership.com]. They received 0 messages.

Nov 06, 2023 5:38:52 PM EmailAnalyseService analysis
INFO: The number of all messages : 5
The most messages send by :[marketing_team]. They sent 0 messages.
The most messages received by :[jane@partnership.com]. They received 0 messages.
The number of all messages : 5
The most messages send by :[marketing_team]. They sent 0 messages.
The most messages received by :[jane@partnership.com]. They received 0 messages.

Nov 06, 2023 5:39:28 PM EmailAnalyseService analysis
INFO: The number of all messages : 5
The most messages send by :[marketing_team]. They sent 0 messages.
The most messages received by :[jane@partnership.com]. They received 0 messages.

Nov 06, 2023 5:39:28 PM EmailAnalyseService analysis
INFO: The number of all messages : 5
The most messages send by :[marketing_team]. They sent 0 messages.
The most messages received by :[jane@partnership.com]. They received 0 messages.
The number of all messages : 5
The most messages send by :[marketing_team]. They sent 0 messages.
The most messages received by :[jane@partnership.com]. They received 0 messages.

Nov 06, 2023 5:40:21 PM EmailAnalyseService analysis
INFO: The number of all messages : 5
All users showed the same activeness
All users showed the same activeness

Nov 06, 2023 5:40:21 PM EmailAnalyseService analysis
INFO: The number of all messages : 5
All users showed the same activeness
All users showed the same activeness
The number of all messages : 5
All users showed the same activeness
All users showed the same activeness

Nov 06, 2023 5:41:44 PM EmailAnalyseService analysis
INFO: The number of all messages : 5
The most messages send by :[marketing_team]. They sent 2 messages.
The most messages received by :[jane@partnership.com]. They received 2 messages.

Nov 06, 2023 5:41:44 PM EmailAnalyseService analysis
INFO: The number of all messages : 5
The most messages send by :[marketing_team]. They sent 2 messages.
The most messages received by :[jane@partnership.com]. They received 2 messages.
The number of all messages : 5
The most messages send by :[marketing_team]. They sent 2 messages.
The most messages received by :[jane@partnership.com]. They received 2 messages.

Nov 06, 2023 5:42:51 PM EmailAnalyseService analysis
INFO: The number of all messages : 5
The most messages send by :[marketing_team]. They sent 2 messages.
The most messages received by :[jane@partnership.com]. They received 2 messages.

Nov 06, 2023 5:42:51 PM EmailAnalyseService analysis
INFO: The number of all messages : 5
The most messages send by :[marketing_team]. They sent 2 messages.
The most messages received by :[jane@partnership.com]. They received 2 messages.
The number of all messages : 5
The most messages send by :[marketing_team]. They sent 2 messages.
The most messages received by :[jane@partnership.com]. They received 2 messages.

Nov 06, 2023 5:54:08 PM EmailAnalyseService analysis
INFO: The number of all messages : 5
The most messages send by :[marketing_team]. They sent 2 messages.
The most messages received by :[jane@partnership.com]. They received 2 messages.

Nov 06, 2023 5:54:08 PM EmailAnalyseService analysis
INFO: The number of all messages : 5
The most messages send by :[marketing_team]. They sent 2 messages.
The most messages received by :[jane@partnership.com]. They received 2 messages.
The number of all messages : 5
The most messages send by :[marketing_team]. They sent 2 messages.
The most messages received by :[jane@partnership.com]. They received 2 messages.

Nov 06, 2023 5:55:20 PM EmailAnalyseService analysis
INFO: The number of all messages : 5
The most messages send by :[marketing_team]. They sent 2 messages.
The most messages received by :[2023-11-06 16:30:45] [marketing_team] [jane@partnership.com] [Hamkorlik takliflari]. They received 1 messages.

Nov 06, 2023 5:55:20 PM EmailAnalyseService analysis
INFO: The number of all messages : 5
The most messages send by :[marketing_team]. They sent 2 messages.
The most messages received by :[2023-11-06 16:30:45] [marketing_team] [jane@partnership.com] [Hamkorlik takliflari]. They received 1 messages.
The number of all messages : 5
The most messages send by :[marketing_team]. They sent 2 messages.
The most messages received by :[2023-11-06 16:30:45] [marketing_team] [jane@partnership.com] [Hamkorlik takliflari]. They received 1 messages.

Nov 06, 2023 5:59:51 PM EmailAnalyseService analysis
INFO: The number of all messages : 5
The most messages send by :[marketing_team]. They sent 2 messages.
The most messages received by :[jane@partnership.com]. They received 2 messages.

Nov 06, 2023 5:59:51 PM EmailAnalyseService analysis
INFO: The number of all messages : 5
The most messages send by :[marketing_team]. They sent 2 messages.
The most messages received by :[jane@partnership.com]. They received 2 messages.
The number of all messages : 5
The most messages send by :[marketing_team]. They sent 2 messages.
The most messages received by :[jane@partnership.com]. They received 2 messages.

Nov 06, 2023 6:00:53 PM EmailAnalyseService analysis
INFO: The number of all messages : 5
The most messages send by :[marketing_team]. They sent 2 messages.
The most messages received by :[jane@partnership.com]. They received 2 messages.

Nov 06, 2023 6:00:53 PM EmailAnalyseService analysis
INFO: The number of all messages : 5
The most messages send by :[marketing_team]. They sent 2 messages.
The most messages received by :[jane@partnership.com]. They received 2 messages.
The number of all messages : 5
The most messages send by :[marketing_team]. They sent 2 messages.
The most messages received by :[jane@partnership.com]. They received 2 messages.

Nov 06, 2023 6:01:34 PM EmailAnalyseService analysis
INFO: The number of all messages : 5
The most messages send by :[marketing_team]. They sent 2 messages.
The most messages received by :[jane@partnership.com]. They received 2 messages.

Nov 06, 2023 6:01:34 PM EmailAnalyseService analysis
INFO: The number of all messages : 5
The most messages send by :[marketing_team]. They sent 2 messages.
The most messages received by :[jane@partnership.com]. They received 2 messages.
The number of all messages : 5
The most messages send by :[marketing_team]. They sent 2 messages.
The most messages received by :[jane@partnership.com]. They received 2 messages.

Nov 06, 2023 6:01:36 PM EmailAnalyseService analysis
INFO: The number of all messages : 5
The most messages send by :[marketing_team]. They sent 2 messages.
The most messages received by :[jane@partnership.com]. They received 2 messages.

Nov 06, 2023 6:01:36 PM EmailAnalyseService analysis
INFO: The number of all messages : 5
The most messages send by :[marketing_team]. They sent 2 messages.
The most messages received by :[jane@partnership.com]. They received 2 messages.
The number of all messages : 5
The most messages send by :[marketing_team]. They sent 2 messages.
The most messages received by :[jane@partnership.com]. They received 2 messages.

Nov 06, 2023 6:01:38 PM EmailAnalyseService analysis
INFO: The number of all messages : 5
The most messages send by :[marketing_team]. They sent 2 messages.
The most messages received by :[jane@partnership.com]. They received 2 messages.

Nov 06, 2023 6:01:38 PM EmailAnalyseService analysis
INFO: The number of all messages : 5
The most messages send by :[marketing_team]. They sent 2 messages.
The most messages received by :[jane@partnership.com]. They received 2 messages.
The number of all messages : 5
The most messages send by :[marketing_team]. They sent 2 messages.
The most messages received by :[jane@partnership.com]. They received 2 messages.

Nov 06, 2023 6:01:41 PM EmailAnalyseService analysis
INFO: The number of all messages : 5
The most messages send by :[marketing_team]. They sent 2 messages.
The most messages received by :[jane@partnership.com]. They received 2 messages.

Nov 06, 2023 6:01:41 PM EmailAnalyseService analysis
INFO: The number of all messages : 5
The most messages send by :[marketing_team]. They sent 2 messages.
The most messages received by :[jane@partnership.com]. They received 2 messages.
The number of all messages : 5
The most messages send by :[marketing_team]. They sent 2 messages.
The most messages received by :[jane@partnership.com]. They received 2 messages.

Nov 06, 2023 6:01:43 PM EmailAnalyseService analysis
INFO: The number of all messages : 5
The most messages send by :[marketing_team]. They sent 2 messages.
The most messages received by :[jane@partnership.com]. They received 2 messages.

Nov 06, 2023 6:01:43 PM EmailAnalyseService analysis
INFO: The number of all messages : 5
The most messages send by :[marketing_team]. They sent 2 messages.
The most messages received by :[jane@partnership.com]. They received 2 messages.
The number of all messages : 5
The most messages send by :[marketing_team]. They sent 2 messages.
The most messages received by :[jane@partnership.com]. They received 2 messages.

Nov 06, 2023 6:01:48 PM EmailAnalyseService analysis
INFO: The number of all messages : 5
The most messages send by :[marketing_team]. They sent 2 messages.
The most messages received by :[jane@partnership.com]. They received 2 messages.

Nov 06, 2023 6:01:48 PM EmailAnalyseService analysis
INFO: The number of all messages : 5
The most messages send by :[marketing_team]. They sent 2 messages.
The most messages received by :[jane@partnership.com]. They received 2 messages.
The number of all messages : 5
The most messages send by :[marketing_team]. They sent 2 messages.
The most messages received by :[jane@partnership.com]. They received 2 messages.

